
Inserted - Post 887 - attachment - teammate-skip-02
Inserted - Post 888 - nav_menu_item - Event Catering
Inserted - Post 889 - nav_menu_item - Cooking Workshops
Inserted - Post 890 - nav_menu_item - Ingredient Sourcing
Inserted - Post 244 - post - Mastering the First Impression: Your intriguing post title goes here
Inserted - Post 246 - post - The Art of Drawing Readers In: Your attractive post title goes here
Inserted - Post 247 - post - Crafting Captivating Headlines: Your awesome post title goes here
Inserted - Post 1508 - page - Blog
Inserted - Post 1511 - nav_menu_item - Blog
Inserted - Post 77 - wp_global_styles - Custom Styles
Inserted - Post 1020 - wp_block - Footer CTA
Inserted - Post 1512 - attachment - teammate-skip-03
Inserted - Post 1513 - page - Home
Inserted - Post 1514 - page - About
Inserted - Post 1515 - page - Services
Inserted - Post 1516 - page - Contact
Inserted - Post 1517 - nav_menu_item - Home
Inserted - Post 1518 - nav_menu_item - About
Inserted - Post 1519 - nav_menu_item - Services
Inserted - Post 1520 - nav_menu_item - Contact
Inserted - Post 1521 - nav_menu_item - Menu Curation
Inserted - Post 1522 - nav_menu_item - Event Catering
Inserted - Post 1523 - nav_menu_item - Cooking Workshops
Inserted - Post 1524 - nav_menu_item - Ingredient Sourcing
Inserted - Post 1525 - post - Mastering the First Impression: Your intriguing post title goes here
Inserted - Post 1526 - post - The Art of Drawing Readers In: Your attractive post title goes here
Inserted - Post 1527 - post - Crafting Captivating Headlines: Your awesome post title goes here
Inserted - Post 1528 - page - Blog
Inserted - Post 1529 - nav_menu_item - Blog
Inserted - Post 1530 - wp_global_styles - Custom Styles
Inserted - Post 1531 - wp_block - Footer CTA
Imported - Site Options {"custom_logo":"","nav_menu_locations":{"primary":"menu","mobile_menu":"menu"},"show_on_front":"page","page_on_front":"Home","page_for_posts":"Blog","site_title":"Landscaping","astra-color-palettes":{"currentPalette":"palette_1","palettes":{"palette_1":["#40bf4f","#2fae3e","#0d3c00","#4b4f58","#f6f8f6","#ffffff","#1e2e00","#051500","#000000"],"palette_2":["#0170b9","#3a3a3a","#3a3a3a","#4b4f58","#f5f5f5","#ffffff","#f2f5f7","#424242","#000000"],"palette_3":["#0170B9","#3a3a3a","#3a3a3a","#4B4F58","#F5F5F5","#FFFFFF","#F2F5F7","#424242","#000000"]},"flag":true,"presets":{"preset_1":["#0067FF","#005EE9","#0F172A","#364151","#E7F6FF","#FFFFFF","#D1DAE5","#070614","#222222"],"preset_2":["#6528F7","#5511F8","#0F172A","#454F5E","#F2F0FE","#FFFFFF","#D8D8F5","#0D0614","#222222"],"preset_3":["#DD183B","#CC1939","#0F172A","#3A3A3A","#FFEDE6","#FFFFFF","#FFD1BF","#140609","#222222"],"preset_4":["#54B435","#379237","#0F172A","#2F3B40","#EDFBE2","#FFFFFF","#D5EAD8","#0C1406","#222222"],"preset_5":["#DCA54A","#D09A40","#0F172A","#4A4A4A","#FAF5E5","#FFFFFF","#F0E6C5","#141004","#222222"],"preset_6":["#FB5FAB","#EA559D","#0F172A","#454F5E","#FCEEF5","#FFFFFF","#FAD8E9","#140610","#222222"],"preset_7":["#1B9C85","#178E79","#0F172A","#454F5E","#EDF6EE","#FFFFFF","#D4F3D7","#06140C","#222222"],"preset_8":["#FD9800","#E98C00","#0F172A","#454F5E","#FEF9E1","#FFFFFF","#F9F0C8","#141006","#222222"],"preset_9":["#FF6210","#F15808","#1C0D0A","#353535","#FEF1E4","#FFFFFF","#E5D7D1","#140B06","#222222"],"preset_10":["#737880","#65696F","#151616","#393C40","#F6F6F6","#FFFFFF","#F1F0F0","#232529","#222222"]}},"astra-typography-presets":""}
Imported - Widgets {"wp_inactive_widgets":[],"sidebar-1":["block-2","block-3","block-4","block-5","block-6"],"header-widget":[],"footer-widget-1":["block-7","nav_menu-1"],"footer-widget-2":["block-8"],"advanced-footer-widget-1":[],"advanced-footer-widget-2":[],"advanced-footer-widget-3":[],"advanced-footer-widget-4":[],"array_version":3,"footer-widget-3":["block-9"],"footer-widget-4":["block-10"]}
Deleted Temporary WXR file 50
Option `astra_sites_imported_wxr_id` Deleted.
Batch Process Started..
Starter Templates - Importing Images for Blog name 'Landscaping' (1)
---- Processing Images from Widgets -----
---- Processing WordPress Posts / Pages - for "Gutenberg" ----
---- Processing WordPress Page - for Gutenberg ---- "1525"
---- Processing WordPress Page - for Gutenberg ---- "1526"
---- Processing WordPress Page - for Gutenberg ---- "1527"
---- Processing WordPress Page - for Gutenberg ---- "1528"
---- Processing WordPress Page - for Gutenberg ---- "1530"
---- Processing WordPress Page - for Gutenberg ---- "1531"
Source - https://landscaping.ziptemplates.top/wp-content/uploads/2023/07/cta.jpg
BATCH - SKIP Image {already imported from xml} - https://landscaping.ziptemplates.top/wp-content/uploads/2023/07/cta.jpg
Log - {"url":"https:\/\/landscaping.ziptemplates.top\/wp-content\/uploads\/2023\/07\/cta.jpg","id":0}
Inserted - Post 1537 - attachment - cta.jpg
BATCH - SUCCESS Image {Imported} - http://localhost/wordpress/wp-content/uploads/2024/05/cta.jpg
Source - https://landscaping.ziptemplates.top/wp-includes/images/media/default.png
BATCH - SKIP Image {already imported from xml} - https://landscaping.ziptemplates.top/wp-includes/images/media/default.png
Log - {"url":"https:\/\/landscaping.ziptemplates.top\/wp-includes\/images\/media\/default.png","id":0}
Inserted - Post 1538 - attachment - default.png
BATCH - SUCCESS Image {Imported} - http://localhost/wordpress/wp-content/uploads/2024/05/default.png
---- Processing WordPress Page - for Gutenberg ---- "1020"
Source - https://landscaping.ziptemplates.top/wp-content/uploads/2023/07/cta.jpg
Log - {"id":"1537","url":"http:\/\/localhost\/wordpress\/wp-content\/uploads\/2024\/05\/cta.jpg"}
Source - https://landscaping.ziptemplates.top/wp-includes/images/media/default.png
Log - {"id":"1538","url":"http:\/\/localhost\/wordpress\/wp-content\/uploads\/2024\/05\/default.png"}
---- Processing WordPress Page - for Gutenberg ---- "1508"
---- Processing WordPress Page - for Gutenberg ---- "1513"
Source - https://landscaping.ziptemplates.top/wp-content/uploads/2023/07/hero-bg.jpg
BATCH - SKIP Image {already imported from xml} - https://landscaping.ziptemplates.top/wp-content/uploads/2023/07/hero-bg.jpg
Log - {"url":"https:\/\/landscaping.ziptemplates.top\/wp-content\/uploads\/2023\/07\/hero-bg.jpg","id":0}
Inserted - Post 1542 - attachment - hero-bg.jpg
BATCH - SUCCESS Image {Imported} - http://localhost/wordpress/wp-content/uploads/2024/05/hero-bg.jpg
Source - https://landscaping.ziptemplates.top/wp-includes/images/media/default.png
Log - {"id":"1538","url":"http:\/\/localhost\/wordpress\/wp-content\/uploads\/2024\/05\/default.png"}
Source - https://landscaping.ziptemplates.top/wp-content/uploads/2023/07/services-01.jpg
BATCH - SKIP Image {already imported from xml} - https://landscaping.ziptemplates.top/wp-content/uploads/2023/07/services-01.jpg
Log - {"url":"https:\/\/landscaping.ziptemplates.top\/wp-content\/uploads\/2023\/07\/services-01.jpg","id":0}
Inserted - Post 1543 - attachment - services-01.jpg
BATCH - SUCCESS Image {Imported} - http://localhost/wordpress/wp-content/uploads/2024/05/services-01.jpg
Source - https://landscaping.ziptemplates.top/wp-content/uploads/2023/07/services-02.jpg
BATCH - SKIP Image {already imported from xml} - https://landscaping.ziptemplates.top/wp-content/uploads/2023/07/services-02.jpg
Log - {"url":"https:\/\/landscaping.ziptemplates.top\/wp-content\/uploads\/2023\/07\/services-02.jpg","id":0}
Inserted - Post 1544 - attachment - services-02.jpg
BATCH - SUCCESS Image {Imported} - http://localhost/wordpress/wp-content/uploads/2024/05/services-02.jpg
Source - https://landscaping.ziptemplates.top/wp-content/uploads/2023/08/services-04.jpg
BATCH - SKIP Image {already imported from xml} - https://landscaping.ziptemplates.top/wp-content/uploads/2023/08/services-04.jpg
Log - {"url":"https:\/\/landscaping.ziptemplates.top\/wp-content\/uploads\/2023\/08\/services-04.jpg","id":0}
Inserted - Post 1545 - attachment - services-04.jpg
BATCH - SUCCESS Image {Imported} - http://localhost/wordpress/wp-content/uploads/2024/05/services-04.jpg
Source - https://landscaping.ziptemplates.top/wp-content/uploads/2023/08/about.jpg
BATCH - SKIP Image {already imported from xml} - https://landscaping.ziptemplates.top/wp-content/uploads/2023/08/about.jpg
Log - {"url":"https:\/\/landscaping.ziptemplates.top\/wp-content\/uploads\/2023\/08\/about.jpg","id":0}
Inserted - Post 1546 - attachment - about.jpg
BATCH - SUCCESS Image {Imported} - http://localhost/wordpress/wp-content/uploads/2024/05/about.jpg
Source - https://landscaping.ziptemplates.top/wp-content/uploads/2023/07/gallery-01.jpg
BATCH - SKIP Image {already imported from xml} - https://landscaping.ziptemplates.top/wp-content/uploads/2023/07/gallery-01.jpg
Log - {"url":"https:\/\/landscaping.ziptemplates.top\/wp-content\/uploads\/2023\/07\/gallery-01.jpg","id":0}
Inserted - Post 1547 - attachment - gallery-01.jpg
BATCH - SUCCESS Image {Imported} - http://localhost/wordpress/wp-content/uploads/2024/05/gallery-01.jpg
Source - https://landscaping.ziptemplates.top/wp-content/uploads/2023/07/gallery-01-182x300.jpg
BATCH - SKIP Image {already imported from xml} - https://landscaping.ziptemplates.top/wp-content/uploads/2023/07/gallery-01-182x300.jpg
Log - {"url":"https:\/\/landscaping.ziptemplates.top\/wp-content\/uploads\/2023\/07\/gallery-01-182x300.jpg","id":0}
Inserted - Post 1548 - attachment - gallery-01-182&#215;300.jpg
BATCH - SUCCESS Image {Imported} - http://localhost/wordpress/wp-content/uploads/2024/05/gallery-01-182x300-1.jpg
Source - https://landscaping.ziptemplates.top/wp-content/uploads/2023/07/gallery-02.jpg
BATCH - SKIP Image {already imported from xml} - https://landscaping.ziptemplates.top/wp-content/uploads/2023/07/gallery-02.jpg
Log - {"url":"https:\/\/landscaping.ziptemplates.top\/wp-content\/uploads\/2023\/07\/gallery-02.jpg","id":0}
Inserted - Post 1549 - attachment - gallery-02.jpg
BATCH - SUCCESS Image {Imported} - http://localhost/wordpress/wp-content/uploads/2024/05/gallery-02.jpg
Source - https://landscaping.ziptemplates.top/wp-content/uploads/2023/07/gallery-03.jpg
BATCH - SKIP Image {already imported from xml} - https://landscaping.ziptemplates.top/wp-content/uploads/2023/07/gallery-03.jpg
Log - {"url":"https:\/\/landscaping.ziptemplates.top\/wp-content\/uploads\/2023\/07\/gallery-03.jpg","id":0}
Inserted - Post 1550 - attachment - gallery-03.jpg
BATCH - SUCCESS Image {Imported} - http://localhost/wordpress/wp-content/uploads/2024/05/gallery-03.jpg
Source - https://landscaping.ziptemplates.top/wp-content/uploads/2023/07/gallery-04.jpg
BATCH - SKIP Image {already imported from xml} - https://landscaping.ziptemplates.top/wp-content/uploads/2023/07/gallery-04.jpg
Log - {"url":"https:\/\/landscaping.ziptemplates.top\/wp-content\/uploads\/2023\/07\/gallery-04.jpg","id":0}
Inserted - Post 1551 - attachment - gallery-04.jpg
BATCH - SUCCESS Image {Imported} - http://localhost/wordpress/wp-content/uploads/2024/05/gallery-04.jpg
Source - https://landscaping.ziptemplates.top/wp-content/uploads/2023/07/gallery-05.jpg
BATCH - SKIP Image {already imported from xml} - https://landscaping.ziptemplates.top/wp-content/uploads/2023/07/gallery-05.jpg
Log - {"url":"https:\/\/landscaping.ziptemplates.top\/wp-content\/uploads\/2023\/07\/gallery-05.jpg","id":0}
Inserted - Post 1552 - attachment - gallery-05.jpg
BATCH - SUCCESS Image {Imported} - http://localhost/wordpress/wp-content/uploads/2024/05/gallery-05.jpg
Source - https://landscaping.ziptemplates.top/wp-content/uploads/2023/07/teammate-skip-01.jpg
Log - {"id":"874","url":"http:\/\/localhost\/wordpress\/wp-content\/uploads\/2023\/07\/teammate-skip-01.jpg"}
Source - https://landscaping.ziptemplates.top/wp-content/uploads/2023/07/teammate-skip-02.jpg
Log - {"id":"875","url":"http:\/\/localhost\/wordpress\/wp-content\/uploads\/2023\/07\/teammate-skip-02.jpg"}
Source - https://landscaping.ziptemplates.top/wp-content/uploads/2023/07/teammate-skip-03.jpg
Log - {"id":"876","url":"http:\/\/localhost\/wordpress\/wp-content\/uploads\/2023\/07\/teammate-skip-03.jpg"}
---- Processing WordPress Page - for Gutenberg ---- "1514"
Source - https://landscaping.ziptemplates.top/wp-content/uploads/2023/07/about-bg.jpg
BATCH - SKIP Image {already imported from xml} - https://landscaping.ziptemplates.top/wp-content/uploads/2023/07/about-bg.jpg
Log - {"url":"https:\/\/landscaping.ziptemplates.top\/wp-content\/uploads\/2023\/07\/about-bg.jpg","id":0}
Inserted - Post 1554 - attachment - about-bg.jpg
BATCH - SUCCESS Image {Imported} - http://localhost/wordpress/wp-content/uploads/2024/05/about-bg.jpg
Source - https://landscaping.ziptemplates.top/wp-includes/images/media/default.png
Log - {"id":"1538","url":"http:\/\/localhost\/wordpress\/wp-content\/uploads\/2024\/05\/default.png"}
Source - https://landscaping.ziptemplates.top/wp-content/uploads/2023/08/about-us.jpg
BATCH - SKIP Image {already imported from xml} - https://landscaping.ziptemplates.top/wp-content/uploads/2023/08/about-us.jpg
Log - {"url":"https:\/\/landscaping.ziptemplates.top\/wp-content\/uploads\/2023\/08\/about-us.jpg","id":0}
Inserted - Post 1555 - attachment - about-us.jpg
BATCH - SUCCESS Image {Imported} - http://localhost/wordpress/wp-content/uploads/2024/05/about-us.jpg
---- Processing WordPress Page - for Gutenberg ---- "1515"
Source - https://landscaping.ziptemplates.top/wp-content/uploads/2023/07/services-bg.jpg
BATCH - SKIP Image {already imported from xml} - https://landscaping.ziptemplates.top/wp-content/uploads/2023/07/services-bg.jpg
Log - {"url":"https:\/\/landscaping.ziptemplates.top\/wp-content\/uploads\/2023\/07\/services-bg.jpg","id":0}
Inserted - Post 1557 - attachment - services-bg.jpg
BATCH - SUCCESS Image {Imported} - http://localhost/wordpress/wp-content/uploads/2024/05/services-bg.jpg
Source - https://landscaping.ziptemplates.top/wp-includes/images/media/default.png
Log - {"id":"1538","url":"http:\/\/localhost\/wordpress\/wp-content\/uploads\/2024\/05\/default.png"}
Source - https://landscaping.ziptemplates.top/wp-content/uploads/2023/07/services-01.jpg
Log - {"id":"1543","url":"http:\/\/localhost\/wordpress\/wp-content\/uploads\/2024\/05\/services-01.jpg"}
Source - https://landscaping.ziptemplates.top/wp-content/uploads/2023/07/services-02.jpg
Log - {"id":"1544","url":"http:\/\/localhost\/wordpress\/wp-content\/uploads\/2024\/05\/services-02.jpg"}
Source - https://landscaping.ziptemplates.top/wp-content/uploads/2023/07/services-03.jpg
BATCH - SKIP Image {already imported from xml} - https://landscaping.ziptemplates.top/wp-content/uploads/2023/07/services-03.jpg
Log - {"url":"https:\/\/landscaping.ziptemplates.top\/wp-content\/uploads\/2023\/07\/services-03.jpg","id":0}
Inserted - Post 1558 - attachment - services-03.jpg
BATCH - SUCCESS Image {Imported} - http://localhost/wordpress/wp-content/uploads/2024/05/services-03.jpg
Source - https://landscaping.ziptemplates.top/wp-content/uploads/2023/08/services-04.jpg
Log - {"id":"1545","url":"http:\/\/localhost\/wordpress\/wp-content\/uploads\/2024\/05\/services-04.jpg"}
---- Processing WordPress Page - for Gutenberg ---- "1516"
Source - https://landscaping.ziptemplates.top/wp-content/uploads/2023/07/contact-bg.jpg
BATCH - SKIP Image {already imported from xml} - https://landscaping.ziptemplates.top/wp-content/uploads/2023/07/contact-bg.jpg
Log - {"url":"https:\/\/landscaping.ziptemplates.top\/wp-content\/uploads\/2023\/07\/contact-bg.jpg","id":0}
Inserted - Post 1560 - attachment - contact-bg.jpg
BATCH - SUCCESS Image {Imported} - http://localhost/wordpress/wp-content/uploads/2024/05/contact-bg.jpg
Source - https://landscaping.ziptemplates.top/wp-includes/images/media/default.png
Log - {"id":"1538","url":"http:\/\/localhost\/wordpress\/wp-content\/uploads\/2024\/05\/default.png"}
---- Processing WordPress Page - for Gutenberg ---- "77"
---- Processing WordPress Page - for Gutenberg ---- "246"
---- Processing WordPress Page - for Gutenberg ---- "247"
---- Processing WordPress Page - for Gutenberg ---- "881"
Source - https://landscaping.ziptemplates.top/wp-content/uploads/2023/07/contact-bg.jpg
Log - {"id":"1560","url":"http:\/\/localhost\/wordpress\/wp-content\/uploads\/2024\/05\/contact-bg.jpg"}
Source - https://landscaping.ziptemplates.top/wp-includes/images/media/default.png
Log - {"id":"1538","url":"http:\/\/localhost\/wordpress\/wp-content\/uploads\/2024\/05\/default.png"}
---- Processing WordPress Page - for Gutenberg ---- "244"
---- Processing WordPress Page - for Gutenberg ---- "878"
Source - https://landscaping.ziptemplates.top/wp-content/uploads/2023/07/hero-bg.jpg
Log - {"id":"1542","url":"http:\/\/localhost\/wordpress\/wp-content\/uploads\/2024\/05\/hero-bg.jpg"}
Source - https://landscaping.ziptemplates.top/wp-includes/images/media/default.png
Log - {"id":"1538","url":"http:\/\/localhost\/wordpress\/wp-content\/uploads\/2024\/05\/default.png"}
Source - https://landscaping.ziptemplates.top/wp-content/uploads/2023/07/services-01.jpg
Log - {"id":"1543","url":"http:\/\/localhost\/wordpress\/wp-content\/uploads\/2024\/05\/services-01.jpg"}
Source - https://landscaping.ziptemplates.top/wp-content/uploads/2023/07/services-02.jpg
Log - {"id":"1544","url":"http:\/\/localhost\/wordpress\/wp-content\/uploads\/2024\/05\/services-02.jpg"}
Source - https://landscaping.ziptemplates.top/wp-content/uploads/2023/08/services-04.jpg
Log - {"id":"1545","url":"http:\/\/localhost\/wordpress\/wp-content\/uploads\/2024\/05\/services-04.jpg"}
Source - https://landscaping.ziptemplates.top/wp-content/uploads/2023/08/about.jpg
Log - {"id":"1546","url":"http:\/\/localhost\/wordpress\/wp-content\/uploads\/2024\/05\/about.jpg"}
Source - https://landscaping.ziptemplates.top/wp-content/uploads/2023/07/gallery-01.jpg
Log - {"id":"1547","url":"http:\/\/localhost\/wordpress\/wp-content\/uploads\/2024\/05\/gallery-01.jpg"}
Source - https://landscaping.ziptemplates.top/wp-content/uploads/2023/07/gallery-01-182x300.jpg
Log - {"id":"1548","url":"http:\/\/localhost\/wordpress\/wp-content\/uploads\/2024\/05\/gallery-01-182x300-1.jpg"}
Source - https://landscaping.ziptemplates.top/wp-content/uploads/2023/07/gallery-02.jpg
Log - {"id":"1549","url":"http:\/\/localhost\/wordpress\/wp-content\/uploads\/2024\/05\/gallery-02.jpg"}
Source - https://landscaping.ziptemplates.top/wp-content/uploads/2023/07/gallery-03.jpg
Log - {"id":"1550","url":"http:\/\/localhost\/wordpress\/wp-content\/uploads\/2024\/05\/gallery-03.jpg"}
Source - https://landscaping.ziptemplates.top/wp-content/uploads/2023/07/gallery-04.jpg
Log - {"id":"1551","url":"http:\/\/localhost\/wordpress\/wp-content\/uploads\/2024\/05\/gallery-04.jpg"}
Source - https://landscaping.ziptemplates.top/wp-content/uploads/2023/07/gallery-05.jpg
Log - {"id":"1552","url":"http:\/\/localhost\/wordpress\/wp-content\/uploads\/2024\/05\/gallery-05.jpg"}
Source - https://landscaping.ziptemplates.top/wp-content/uploads/2023/07/teammate-skip-01.jpg
Log - {"id":"874","url":"http:\/\/localhost\/wordpress\/wp-content\/uploads\/2023\/07\/teammate-skip-01.jpg"}
Source - https://landscaping.ziptemplates.top/wp-content/uploads/2023/07/teammate-skip-02.jpg
Log - {"id":"875","url":"http:\/\/localhost\/wordpress\/wp-content\/uploads\/2023\/07\/teammate-skip-02.jpg"}
Source - https://landscaping.ziptemplates.top/wp-content/uploads/2023/07/teammate-skip-03.jpg
Log - {"id":"876","url":"http:\/\/localhost\/wordpress\/wp-content\/uploads\/2023\/07\/teammate-skip-03.jpg"}
---- Processing WordPress Page - for Gutenberg ---- "879"
Source - https://landscaping.ziptemplates.top/wp-content/uploads/2023/07/about-bg.jpg
Log - {"id":"1554","url":"http:\/\/localhost\/wordpress\/wp-content\/uploads\/2024\/05\/about-bg.jpg"}
Source - https://landscaping.ziptemplates.top/wp-includes/images/media/default.png
Log - {"id":"1538","url":"http:\/\/localhost\/wordpress\/wp-content\/uploads\/2024\/05\/default.png"}
Source - https://landscaping.ziptemplates.top/wp-content/uploads/2023/08/about-us.jpg
Log - {"id":"1555","url":"http:\/\/localhost\/wordpress\/wp-content\/uploads\/2024\/05\/about-us.jpg"}
---- Processing WordPress Page - for Gutenberg ---- "880"
Source - https://landscaping.ziptemplates.top/wp-content/uploads/2023/07/services-bg.jpg
Log - {"id":"1557","url":"http:\/\/localhost\/wordpress\/wp-content\/uploads\/2024\/05\/services-bg.jpg"}
Source - https://landscaping.ziptemplates.top/wp-includes/images/media/default.png
Log - {"id":"1538","url":"http:\/\/localhost\/wordpress\/wp-content\/uploads\/2024\/05\/default.png"}
Source - https://landscaping.ziptemplates.top/wp-content/uploads/2023/07/services-01.jpg
Log - {"id":"1543","url":"http:\/\/localhost\/wordpress\/wp-content\/uploads\/2024\/05\/services-01.jpg"}
Source - https://landscaping.ziptemplates.top/wp-content/uploads/2023/07/services-02.jpg
Log - {"id":"1544","url":"http:\/\/localhost\/wordpress\/wp-content\/uploads\/2024\/05\/services-02.jpg"}
Source - https://landscaping.ziptemplates.top/wp-content/uploads/2023/07/services-03.jpg
Log - {"id":"1558","url":"http:\/\/localhost\/wordpress\/wp-content\/uploads\/2024\/05\/services-03.jpg"}
Source - https://landscaping.ziptemplates.top/wp-content/uploads/2023/08/services-04.jpg
Log - {"id":"1545","url":"http:\/\/localhost\/wordpress\/wp-content\/uploads\/2024\/05\/services-04.jpg"}
---- Processing MISC ----
Building "Home" page with  AI content
Fetching image with index 0
Replacing Image from http://localhost/wordpress/wp-content/uploads/2024/05/hero-bg.jpg to "http://localhost/wordpress/wp-content/uploads/2024/05/zipwp-image-19987202.jpeg" for uagb/container" with index "0"
Fetching image with index 1
Replacing Image from http://localhost/wordpress/wp-content/uploads/2024/05/services-01.jpg to "http://localhost/wordpress/wp-content/uploads/2024/05/zipwp-image-22988904.jpeg" for uagb/image" with index "1"
Fetching image with index 2
Replacing Image from http://localhost/wordpress/wp-content/uploads/2024/05/services-02.jpg to "http://localhost/wordpress/wp-content/uploads/2024/05/zipwp-image-22816306.jpeg" for uagb/image" with index "2"
Fetching image with index 3
Replacing Image from http://localhost/wordpress/wp-content/uploads/2024/05/services-04.jpg to "http://localhost/wordpress/wp-content/uploads/2024/05/zipwp-image-22891862.jpeg" for uagb/image" with index "3"
Fetching image with index 4
Replacing Image from http://localhost/wordpress/wp-content/uploads/2024/05/about.jpg to "http://localhost/wordpress/wp-content/uploads/2024/05/zipwp-image-22891880.jpeg" for uagb/image" with index "4"
Fetching image with index 5
Replacing Image from http://localhost/wordpress/wp-content/uploads/2024/05/gallery-01.jpg to "http://localhost/wordpress/wp-content/uploads/2024/05/zipwp-image-22588854.jpeg" for uagb/container" with index "5"
Fetching image with index 6
Replacing Image from http://localhost/wordpress/wp-content/uploads/2024/05/gallery-02.jpg to "http://localhost/wordpress/wp-content/uploads/2024/05/zipwp-image-19976293.jpeg" for uagb/container" with index "6"
Fetching image with index 7
Replacing Image from http://localhost/wordpress/wp-content/uploads/2024/05/gallery-03.jpg to "http://localhost/wordpress/wp-content/uploads/2024/05/zipwp-image-19981732.jpeg" for uagb/container" with index "7"
Fetching image with index 8
Downloading Image as - zipwp-image-19978989.jpeg
Replacing Image from http://localhost/wordpress/wp-content/uploads/2024/05/gallery-04.jpg to "http://localhost/wordpress/wp-content/uploads/2024/05/zipwp-image-19978989-2.jpeg" for uagb/container" with index "8"
Fetching image with index 9
Downloading Image as - zipwp-image-19981738.jpeg
Replacing Image from http://localhost/wordpress/wp-content/uploads/2024/05/gallery-05.jpg to "http://localhost/wordpress/wp-content/uploads/2024/05/zipwp-image-19981738-1.jpeg" for uagb/container" with index "9"
Reusable ID: 1020
Replacing content for Reusable ID: 1020
Fetching image with index 10
Replacing Image from http://localhost/wordpress/wp-content/uploads/2024/05/cta.jpg to "http://localhost/wordpress/wp-content/uploads/2024/05/zipwp-image-19976301.jpeg" for uagb/container" with index "10"
Replaced the images for Page Home[ID:1513]
Building "Blog" page with  AI content
Replaced the images for Page Blog[ID:1528]
Building "Services" page with  AI content
Fetching image with index 11
Replacing Image from http://localhost/wordpress/wp-content/uploads/2024/05/services-bg.jpg to "http://localhost/wordpress/wp-content/uploads/2024/05/zipwp-image-19976296.jpeg" for uagb/container" with index "11"
Fetching image with index 12
Replacing Image from http://localhost/wordpress/wp-content/uploads/2024/05/services-01.jpg to "http://localhost/wordpress/wp-content/uploads/2024/05/zipwp-image-19964391.jpeg" for uagb/image" with index "12"
Fetching image with index 13
Replacing Image from http://localhost/wordpress/wp-content/uploads/2024/05/services-02.jpg to "http://localhost/wordpress/wp-content/uploads/2024/05/zipwp-image-19964368.jpeg" for uagb/image" with index "13"
Fetching image with index 14
Replacing Image from http://localhost/wordpress/wp-content/uploads/2024/05/services-03.jpg to "http://localhost/wordpress/wp-content/uploads/2024/05/zipwp-image-19933344.jpeg" for uagb/image" with index "14"
Fetching image with index 15
Replacing Image from http://localhost/wordpress/wp-content/uploads/2024/05/services-04.jpg to "http://localhost/wordpress/wp-content/uploads/2024/05/zipwp-image-19943774.jpeg" for uagb/image" with index "15"
Reusable ID: 1020
Replaced the images for Page Services[ID:1515]
Building "Contact" page with  AI content
Fetching image with index 16
Replacing Image from http://localhost/wordpress/wp-content/uploads/2024/05/contact-bg.jpg to "http://localhost/wordpress/wp-content/uploads/2024/05/zipwp-image-541216.jpeg" for uagb/container" with index "16"
Reusable ID: 1020
Replaced the images for Page Contact[ID:1516]
Building "Blog" page with  AI content
Replaced the images for Page Blog[ID:1508]
Building "About" page with  AI content
Fetching image with index 17
Replacing Image from http://localhost/wordpress/wp-content/uploads/2024/05/about-bg.jpg to "http://localhost/wordpress/wp-content/uploads/2024/05/zipwp-image-262978.jpeg" for uagb/container" with index "17"
Fetching image with index 18
Replacing Image from http://localhost/wordpress/wp-content/uploads/2024/05/about-us.jpg to "http://localhost/wordpress/wp-content/uploads/2024/05/zipwp-image-958545.jpeg" for uagb/image" with index "18"
Reusable ID: 1020
Replaced the images for Page About[ID:1514]
Building "Home" page with  AI content
Fetching image with index 19
Replacing Image from http://localhost/wordpress/wp-content/uploads/2024/05/hero-bg.jpg to "http://localhost/wordpress/wp-content/uploads/2024/05/zipwp-image-1833349.jpeg" for uagb/container" with index "19"
Fetching image with index 20
Replacing Image from http://localhost/wordpress/wp-content/uploads/2024/05/services-01.jpg to "http://localhost/wordpress/wp-content/uploads/2024/05/zipwp-image-64208.jpeg" for uagb/image" with index "20"
Fetching image with index 21
Replacing Image from http://localhost/wordpress/wp-content/uploads/2024/05/services-02.jpg to "http://localhost/wordpress/wp-content/uploads/2024/05/zipwp-image-327158.jpeg" for uagb/image" with index "21"
Fetching image with index 22
Replacing Image from http://localhost/wordpress/wp-content/uploads/2024/05/services-04.jpg to "http://localhost/wordpress/wp-content/uploads/2024/05/zipwp-image-397913.jpeg" for uagb/image" with index "22"
Fetching image with index 23
Replacing Image from http://localhost/wordpress/wp-content/uploads/2024/05/about.jpg to "http://localhost/wordpress/wp-content/uploads/2024/05/zipwp-image-1211887.jpeg" for uagb/image" with index "23"
Fetching image with index 24
Replacing Image from http://localhost/wordpress/wp-content/uploads/2024/05/gallery-01.jpg to "http://localhost/wordpress/wp-content/uploads/2024/05/zipwp-image-2122294-1.jpeg" for uagb/container" with index "24"
Fetching image with index 25
Replacing Image from http://localhost/wordpress/wp-content/uploads/2024/05/gallery-02.jpg to "http://localhost/wordpress/wp-content/uploads/2024/05/zipwp-image-1251196-1.jpeg" for uagb/container" with index "25"
Fetching image with index 26
Replacing Image from http://localhost/wordpress/wp-content/uploads/2024/05/gallery-03.jpg to "http://localhost/wordpress/wp-content/uploads/2024/05/zipwp-image-2696064-1.jpeg" for uagb/container" with index "26"
Fetching image with index 27
Replacing Image from http://localhost/wordpress/wp-content/uploads/2024/05/gallery-04.jpg to "http://localhost/wordpress/wp-content/uploads/2024/05/zipwp-image-1267315-1.jpeg" for uagb/container" with index "27"
Fetching image with index 28
Replacing Image from http://localhost/wordpress/wp-content/uploads/2024/05/gallery-05.jpg to "http://localhost/wordpress/wp-content/uploads/2024/05/zipwp-image-2641886-1.jpeg" for uagb/container" with index "28"
Reusable ID: 1020
Replaced the images for Page Home[ID:878]
Building "About" page with  AI content
Fetching image with index 29
Replacing Image from http://localhost/wordpress/wp-content/uploads/2024/05/about-bg.jpg to "http://localhost/wordpress/wp-content/uploads/2024/05/zipwp-image-590477-1.jpeg" for uagb/container" with index "29"
Fetching image with index 30
Replacing Image from http://localhost/wordpress/wp-content/uploads/2024/05/about-us.jpg to "http://localhost/wordpress/wp-content/uploads/2024/05/zipwp-image-19987185-1.jpeg" for uagb/image" with index "30"
Reusable ID: 1020
Replaced the images for Page About[ID:879]
Building "Services" page with  AI content
Fetching image with index 0
Replacing Image from http://localhost/wordpress/wp-content/uploads/2024/05/services-bg.jpg to "http://localhost/wordpress/wp-content/uploads/2024/05/zipwp-image-19987202.jpeg" for uagb/container" with index "0"
Fetching image with index 1
Replacing Image from http://localhost/wordpress/wp-content/uploads/2024/05/services-01.jpg to "http://localhost/wordpress/wp-content/uploads/2024/05/zipwp-image-22988904.jpeg" for uagb/image" with index "1"
Fetching image with index 2
Replacing Image from http://localhost/wordpress/wp-content/uploads/2024/05/services-02.jpg to "http://localhost/wordpress/wp-content/uploads/2024/05/zipwp-image-22816306.jpeg" for uagb/image" with index "2"
Fetching image with index 3
Replacing Image from http://localhost/wordpress/wp-content/uploads/2024/05/services-03.jpg to "http://localhost/wordpress/wp-content/uploads/2024/05/zipwp-image-22891862.jpeg" for uagb/image" with index "3"
Fetching image with index 4
Replacing Image from http://localhost/wordpress/wp-content/uploads/2024/05/services-04.jpg to "http://localhost/wordpress/wp-content/uploads/2024/05/zipwp-image-22891880.jpeg" for uagb/image" with index "4"
Reusable ID: 1020
Replaced the images for Page Services[ID:880]
Building "Contact" page with  AI content
Fetching image with index 5
Replacing Image from http://localhost/wordpress/wp-content/uploads/2024/05/contact-bg.jpg to "http://localhost/wordpress/wp-content/uploads/2024/05/zipwp-image-22588854.jpeg" for uagb/container" with index "5"
Reusable ID: 1020
Replaced the images for Page Contact[ID:881]
Fetching image with index 6
Replacing thumbnail Image to http://localhost/wordpress/wp-content/uploads/2024/05/zipwp-image-19976293.jpeg" with index "6"
Fetching image with index 7
Replacing thumbnail Image to http://localhost/wordpress/wp-content/uploads/2024/05/zipwp-image-19981732.jpeg" with index "7"
Fetching image with index 8
Replacing thumbnail Image to http://localhost/wordpress/wp-content/uploads/2024/05/zipwp-image-19978989-2.jpeg" with index "8"
Fetching image with index 9
Replacing thumbnail Image to http://localhost/wordpress/wp-content/uploads/2024/05/zipwp-image-19981738-1.jpeg" with index "9"
Fetching image with index 10
Replacing thumbnail Image to http://localhost/wordpress/wp-content/uploads/2024/05/zipwp-image-19976301.jpeg" with index "10"
Fetching image with index 11
Replacing thumbnail Image to http://localhost/wordpress/wp-content/uploads/2024/05/zipwp-image-19976296.jpeg" with index "11"
Fetching image with index 12
Replacing Image : https://landscaping.ziptemplates.top/wp-content/uploads/2023/07/contact-bg.jpg with: http://localhost/wordpress/wp-content/uploads/2024/05/zipwp-image-19964391.jpeg
Cleaning up old images - Array
(
    [0] => http://localhost/wordpress/wp-content/uploads/2024/05/hero-bg.jpg
    [1] => http://localhost/wordpress/wp-content/uploads/2024/05/services-01.jpg
    [2] => http://localhost/wordpress/wp-content/uploads/2024/05/services-02.jpg
    [3] => http://localhost/wordpress/wp-content/uploads/2024/05/services-04.jpg
    [4] => http://localhost/wordpress/wp-content/uploads/2024/05/about.jpg
    [5] => http://localhost/wordpress/wp-content/uploads/2024/05/gallery-01.jpg
    [6] => http://localhost/wordpress/wp-content/uploads/2024/05/gallery-02.jpg
    [7] => http://localhost/wordpress/wp-content/uploads/2024/05/gallery-03.jpg
    [8] => http://localhost/wordpress/wp-content/uploads/2024/05/gallery-04.jpg
    [9] => http://localhost/wordpress/wp-content/uploads/2024/05/gallery-05.jpg
    [10] => http://localhost/wordpress/wp-content/uploads/2024/05/cta.jpg
    [11] => http://localhost/wordpress/wp-content/uploads/2024/05/services-bg.jpg
    [12] => http://localhost/wordpress/wp-content/uploads/2024/05/services-01.jpg
    [13] => http://localhost/wordpress/wp-content/uploads/2024/05/services-02.jpg
    [14] => http://localhost/wordpress/wp-content/uploads/2024/05/services-03.jpg
    [15] => http://localhost/wordpress/wp-content/uploads/2024/05/services-04.jpg
    [16] => http://localhost/wordpress/wp-content/uploads/2024/05/contact-bg.jpg
    [17] => http://localhost/wordpress/wp-content/uploads/2024/05/about-bg.jpg
    [18] => http://localhost/wordpress/wp-content/uploads/2024/05/about-us.jpg
    [19] => http://localhost/wordpress/wp-content/uploads/2024/05/hero-bg.jpg
    [20] => http://localhost/wordpress/wp-content/uploads/2024/05/services-01.jpg
    [21] => http://localhost/wordpress/wp-content/uploads/2024/05/services-02.jpg
    [22] => http://localhost/wordpress/wp-content/uploads/2024/05/services-04.jpg
    [23] => http://localhost/wordpress/wp-content/uploads/2024/05/about.jpg
    [24] => http://localhost/wordpress/wp-content/uploads/2024/05/gallery-01.jpg
    [25] => http://localhost/wordpress/wp-content/uploads/2024/05/gallery-02.jpg
    [26] => http://localhost/wordpress/wp-content/uploads/2024/05/gallery-03.jpg
    [27] => http://localhost/wordpress/wp-content/uploads/2024/05/gallery-04.jpg
    [28] => http://localhost/wordpress/wp-content/uploads/2024/05/gallery-05.jpg
    [29] => http://localhost/wordpress/wp-content/uploads/2024/05/about-bg.jpg
    [30] => http://localhost/wordpress/wp-content/uploads/2024/05/about-us.jpg
    [31] => http://localhost/wordpress/wp-content/uploads/2024/05/services-bg.jpg
    [32] => http://localhost/wordpress/wp-content/uploads/2024/05/services-01.jpg
    [33] => http://localhost/wordpress/wp-content/uploads/2024/05/services-02.jpg
    [34] => http://localhost/wordpress/wp-content/uploads/2024/05/services-03.jpg
    [35] => http://localhost/wordpress/wp-content/uploads/2024/05/services-04.jpg
    [36] => http://localhost/wordpress/wp-content/uploads/2024/05/contact-bg.jpg
)

---- Processing batch process for Customizer start ----
---- Processing batch process for Customizer done ----
Batch Process Complete!